<?xml version="1.0" encoding="UTF-8"?>
<testsuite xmlns:xsi="http://www.w3.org/2001/XMLSchema-instance" xsi:noNamespaceSchemaLocation="https://maven.apache.org/surefire/maven-surefire-plugin/xsd/surefire-test-report.xsd" version="3.0.2" name="com.example.urlshortener.UrlshortenerApplicationTests" time="45.145" tests="1" errors="0" skipped="0" failures="0">
  <properties>
[...]
</properties>
  <testcase name="contextLoads" classname="com.example.urlshortener.UrlshortenerApplicationTests" time="1.364">
    <system-out><![CDATA[16:52:55.299 [main] INFO org.springframework.test.context.support.AnnotationConfigContextLoaderUtils -- Could not detect default configuration classes for test class [com.example.urlshortener.UrlshortenerApplicationTests]: UrlshortenerApplicationTests does not declare any static, non-private, non-final, nested classes annotated with @Configuration.
16:52:55.527 [main] INFO org.springframework.boot.test.context.SpringBootTestContextBootstrapper -- Found @SpringBootConfiguration com.example.urlshortener.UrlShortenerApplication for test class com.example.urlshortener.UrlshortenerApplicationTests
16:52:55.797 [main] INFO org.testcontainers.images.PullPolicy -- Image pull policy will be performed by: DefaultPullPolicy()
16:52:55.804 [main] INFO org.testcontainers.utility.ImageNameSubstitutor -- Image name substitution will be performed by: DefaultImageNameSubstitutor (composite of 'ConfigurationFileImageNameSubstitutor' and 'PrefixingImageNameSubstitutor')
16:52:55.887 [main] INFO org.testcontainers.DockerClientFactory -- Testcontainers version: 1.20.6
16:52:56.259 [main] INFO org.testcontainers.dockerclient.DockerClientProviderStrategy -- Loaded org.testcontainers.dockerclient.NpipeSocketClientProviderStrategy from ~/.testcontainers.properties, will try it first
16:52:56.802 [main] INFO org.testcontainers.dockerclient.DockerClientProviderStrategy -- Found Docker environment with local Npipe socket (npipe:////./pipe/docker_engine)
16:52:56.806 [main] INFO org.testcontainers.DockerClientFactory -- Docker host IP address is localhost
16:52:56.860 [main] INFO org.testcontainers.DockerClientFactory -- Connected to docker: 
  Server Version: 28.1.1
  API Version: 1.49
  Operating System: Docker Desktop
  Total Memory: 3830 MB
  Labels: 
    com.docker.desktop.address=npipe://\\.\pipe\docker_cli
16:52:57.117 [main] INFO tc.testcontainers/ryuk:0.11.0 -- Creating container for image: testcontainers/ryuk:0.11.0
16:52:57.468 [main] INFO org.testcontainers.utility.RegistryAuthLocator -- Credential helper/store (docker-credential-desktop) does not have credentials for https://index.docker.io/v1/
16:52:57.899 [main] INFO tc.testcontainers/ryuk:0.11.0 -- Container testcontainers/ryuk:0.11.0 is starting: 3b62ea6113802cfcd094fee360209518f8f7ebd712dbc871085bd20500509eae
16:52:59.701 [main] INFO tc.testcontainers/ryuk:0.11.0 -- Container testcontainers/ryuk:0.11.0 started in PT2.5833797S
16:52:59.799 [main] INFO org.testcontainers.utility.RyukResourceReaper -- Ryuk started - will monitor and terminate Testcontainers containers on JVM exit
16:52:59.800 [main] INFO org.testcontainers.DockerClientFactory -- Checking the system...
16:52:59.802 [main] INFO org.testcontainers.DockerClientFactory -- ✔︎ Docker server version should be at least 1.6.0
16:52:59.810 [main] INFO tc.cassandra:4.1 -- Creating container for image: cassandra:4.1
16:53:00.057 [main] INFO tc.cassandra:4.1 -- Container cassandra:4.1 is starting: 7814f57c81a70d1ecb3844f2bdeeb91f0da47142b869d85c65303c7e5ab1fa39
16:53:23.813 [main] INFO tc.cassandra:4.1 -- Container cassandra:4.1 started in PT24.0022298S
16:53:23.837 [main] INFO org.testcontainers.ext.ScriptUtils -- Executing database script from init.cql
16:53:23.856 [main] INFO com.datastax.driver.core -- DataStax Java driver 3.10.0 for Apache Cassandra
16:53:23.885 [main] INFO com.datastax.driver.core.GuavaCompatibility -- Detected Guava >= 19 in the classpath, using modern compatibility layer
16:53:24.244 [main] INFO com.datastax.driver.core.Native -- Could not load JNR C Library, native system calls through this library will not be available (set this logger level to DEBUG to see the full stack trace).
16:53:24.244 [main] INFO com.datastax.driver.core.ClockFactory -- Using java.lang.System clock to generate timestamps.
16:53:24.594 [main] INFO com.datastax.driver.core.NettyUtil -- Did not find Netty's native epoll transport in the classpath, defaulting to NIO.
16:53:25.633 [main] INFO com.datastax.driver.core.policies.DCAwareRoundRobinPolicy -- Using data-center name 'datacenter1' for DCAwareRoundRobinPolicy (if this is incorrect, please provide the correct datacenter name with DCAwareRoundRobinPolicy constructor)
16:53:25.633 [main] INFO com.datastax.driver.core.Cluster -- New Cassandra host localhost/127.0.0.1:25383 added
16:53:28.037 [main] INFO org.testcontainers.ext.ScriptUtils -- Executed database script from init.cql in 4194 ms.

  .   ____          _            __ _ _
 /\\ / ___'_ __ _ _(_)_ __  __ _ \ \ \ \
( ( )\___ | '_ | '_| | '_ \/ _` | \ \ \ \
 \\/  ___)| |_)| | | | | || (_| |  ) ) ) )
  '  |____| .__|_| |_|_| |_\__, | / / / /
 =========|_|==============|___/=/_/_/_/

 :: Spring Boot ::                (v3.4.6)

2025-06-14T16:53:28.876+02:00  INFO 19792 --- [           main] c.e.u.UrlshortenerApplicationTests       : Starting UrlshortenerApplicationTests using Java 21.0.6 with PID 19792 (started by szefowo in c:\Users\szefo\Documents\Projekty\urlshortener)
2025-06-14T16:53:28.876+02:00  INFO 19792 --- [           main] c.e.u.UrlshortenerApplicationTests       : No active profile set, falling back to 1 default profile: "default"
2025-06-14T16:53:30.400+02:00  INFO 19792 --- [           main] .s.d.r.c.RepositoryConfigurationDelegate : Bootstrapping Spring Data Reactive Cassandra repositories in DEFAULT mode.
2025-06-14T16:53:30.531+02:00  INFO 19792 --- [           main] .s.d.r.c.RepositoryConfigurationDelegate : Finished Spring Data repository scanning in 116 ms. Found 0 Reactive Cassandra repository interfaces.
2025-06-14T16:53:30.549+02:00  INFO 19792 --- [           main] .s.d.r.c.RepositoryConfigurationDelegate : Bootstrapping Spring Data Cassandra repositories in DEFAULT mode.
2025-06-14T16:53:30.595+02:00  INFO 19792 --- [           main] .s.d.r.c.RepositoryConfigurationDelegate : Finished Spring Data repository scanning in 42 ms. Found 1 Cassandra repository interface.
2025-06-14T16:53:31.394+02:00  INFO 19792 --- [           main] c.d.o.d.i.core.DefaultMavenCoordinates   : Apache Cassandra Java Driver (org.apache.cassandra:java-driver-core) version 4.18.1
2025-06-14T16:53:32.677+02:00  INFO 19792 --- [           main] c.d.o.d.internal.core.ContactPoints      : Contact point localhost:25383 resolves to multiple addresses, will use them all ([localhost/127.0.0.1, localhost/0:0:0:0:0:0:0:1])
2025-06-14T16:53:33.094+02:00  INFO 19792 --- [           main] c.d.o.d.i.c.c.CqlPrepareAsyncProcessor   : Adding handler to invalidate cached prepared statements on type changes
2025-06-14T16:53:33.484+02:00  INFO 19792 --- [     s0-admin-0] c.d.oss.driver.internal.core.time.Clock  : Using native clock for microsecond precision
2025-06-14T16:53:33.846+02:00  WARN 19792 --- [        s0-io-2] c.d.o.d.a.c.a.PlainTextAuthProviderBase  : [] localhost/[0:0:0:0:0:0:0:1]:25383 did not send an authentication challenge; This is suspicious because the driver expects authentication
2025-06-14T16:53:34.443+02:00  WARN 19792 --- [     s0-admin-0] c.d.o.d.i.c.l.h.OptionalLocalDcHelper    : [s0|default] You specified datacenter1 as the local DC, but some contact points are from a different DC: Node(endPoint=localhost/127.0.0.1:25383, hostId=null, hashCode=66c12dce)=null; please provide the correct local DC, or check your contact points
2025-06-14T16:53:34.452+02:00  WARN 19792 --- [        s0-io-3] c.d.o.d.a.c.a.PlainTextAuthProviderBase  : [] localhost/[0:0:0:0:0:0:0:1]:25383 did not send an authentication challenge; This is suspicious because the driver expects authentication
2025-06-14T16:53:36.376+02:00  INFO 19792 --- [           main] c.e.u.service.UrlValidationService       : Załadowano zakazane słowa: [badword1, badword2, offensive]
2025-06-14T16:53:36.736+02:00  INFO 19792 --- [           main] o.s.b.a.w.s.WelcomePageHandlerMapping    : Adding welcome page: class path resource [static/index.html]
2025-06-14T16:53:37.325+02:00  INFO 19792 --- [           main] c.e.u.UrlshortenerApplicationTests       : Started UrlshortenerApplicationTests in 9.175 seconds (process running for 43.583)
]]></system-out>
    <system-err><![CDATA[Mockito is currently self-attaching to enable the inline-mock-maker. This will no longer work in future releases of the JDK. Please add Mockito as an agent to your build what is described in Mockito's documentation: https://javadoc.io/doc/org.mockito/mockito-core/latest/org/mockito/Mockito.html#0.3
WARNING: A Java agent has been loaded dynamically (C:\Users\szefo\.m2\repository\net\bytebuddy\byte-buddy-agent\1.15.11\byte-buddy-agent-1.15.11.jar)
WARNING: If a serviceability tool is in use, please run with -XX:+EnableDynamicAgentLoading to hide this warning
WARNING: If a serviceability tool is not in use, please run with -Djdk.instrument.traceUsage for more information
WARNING: Dynamic loading of agents will be disallowed by default in a future release
]]></system-err>
  </testcase>
</testsuite>